=> Model and criterion are ready
=> Dataloaders are ready
=> Logger is ready
=> Trainer is ready
=> Start training
shape torch.Size([32, 2048])
3.352290153503418
7289.3837890625
| Epoch[1] [1/345]  Loss 7289.3838  Acc  3.125   LR 0.00030000
shape torch.Size([32, 2048])
2.9896674156188965
7188.095703125
shape torch.Size([32, 2048])
2.771111011505127
3503.056884765625
shape torch.Size([32, 2048])
2.8267173767089844
1511.7374267578125
shape torch.Size([32, 2048])
2.729250907897949
772.9421997070312
shape torch.Size([32, 2048])
2.690798759460449
964.3659057617188
shape torch.Size([32, 2048])
2.7817037105560303
484.07049560546875
shape torch.Size([32, 2048])
2.6810481548309326
421.1377258300781
shape torch.Size([32, 2048])
2.7827486991882324
222.71839904785156
