=> Model and criterion are ready
=> Dataloaders are ready
=> Logger is ready
=> Trainer is ready
=> Start training
1.9426263570785522
2.7700111865997314
| Epoch[1] [1/173]  Loss 2.7700  Acc 14.062   LR 0.01000000
1.9378012418746948
1.998119831085205
1.937469720840454
1.9397591352462769
1.9312381744384766
1.931350827217102
1.9253697395324707
1.925420880317688
1.9256309270858765
1.9256542921066284
1.9195454120635986
1.9195634126663208
1.9103844165802002
1.9103944301605225
1.8975962400436401
1.8976001739501953
1.905820369720459
1.905820608139038
1.891935110092163
1.8919419050216675
| Epoch[1] [11/173]  Loss 2.0014  Acc 36.364   LR 0.01000000
1.884081482887268
1.8840819597244263
1.8732032775878906
1.8732049465179443
1.851401448249817
1.8514059782028198
1.8898422718048096
1.8898444175720215
1.8607962131500244
1.8607962131500244
1.8514994382858276
1.8515018224716187
1.8645055294036865
1.8645079135894775
1.8516130447387695
1.8516130447387695
1.8561863899230957
1.8561863899230957
1.8741059303283691
1.8741059303283691
| Epoch[1] [21/173]  Loss 1.9368  Acc 37.426   LR 0.01000000
1.8172671794891357
1.8172671794891357
1.831303358078003
1.831303358078003
